<?xml version="1.0" encoding="UTF-8"?>
<!-- Generated by org.testng.reporters.JUnitReportReporter -->
<testsuite hostname="Kavin" failures="0" tests="1" name="TestCases.TC_02_AppBook" time="23.249" errors="0" timestamp="2024-07-25T17:02:17 IST" skipped="0">
  <testcase classname="TestCases.TC_02_AppBook" name="TC_02_AppBook" time="23.249"/>
</testsuite> <!-- TestCases.TC_02_AppBook -->
